1.7480 	WARNING 	We strongly recommend you activate the PTB sound engine in PsychoPy prefs as the preferred audio engine. Its timing is vastly superior. Your prefs are currently set to use ['sounddevice', 'PTB', 'pyo', 'pygame'] (in that order).
5.8608 	WARNING 	User requested fullscreen with size [1024  768], but screen is actually [1920, 1080]. Using actual size
8.5862 	EXP 	Created window1 = Window(allowGUI=True, allowStencil=False, autoLog=True, backendConf=UNKNOWN, bitsMode=UNKNOWN, blendMode='avg', bpc=(8, 8, 8), color=array([0, 0, 0]), colorSpace='rgb', depthBits=8, fullscr=<method-wrapper '__getattribute__' of attributeSetter object at 0x00000247138D7520>, gamma=None, gammaErrorPolicy='raise', lms=UNKNOWN, monitor=<psychopy.monitors.calibTools.Monitor object at 0x00000247158356D0>, multiSample=False, name='window1', numSamples=2, pos=(0, 0), screen=0, size=array([1920, 1080]), stencilBits=0, stereo=False, units='height', useFBO=True, useRetina=False, viewOri=0.0, viewPos=None, viewScale=None, waitBlanking=True, winType='pyglet')
8.5864 	EXP 	window1: mouseVisible = True
8.5866 	EXP 	window1: mouseVisible = False
8.5866 	EXP 	window1: Attempting to measure frame rate of screen (0) ...
8.5867 	EXP 	window1: recordFrameIntervals = False
8.6685 	EXP 	window1: recordFrameIntervals = True
8.7600 	EXP 	Screen (0) actual frame rate measured at 120.71Hz
8.7600 	EXP 	window1: recordFrameIntervals = False
10.0968 	EXP 	Created textwelcome = TextStim(__class__=<class 'psychopy.visual.text.TextStim'>, alignHoriz=method-wrapper(...), alignText='center', alignVert=method-wrapper(...), anchorHoriz='center', anchorVert='center', antialias=True, autoDraw=False, autoLog=True, bold=False, color=array([1, 1, 1]), colorSpace='rgb', contrast=1.0, depth=0.0, flipHoriz=False, flipVert=False, font='Open Sans', fontFiles=[], height=0.05, italic=False, languageStyle='LTR', name='textwelcome', opacity=1.0, ori=0.0, pos=array([0., 0.]), rgb=UNKNOWN, text='Moddagudu\n\n\n', units='height', win=Window(...), wrapWidth=1)
10.1372 	EXP 	textbox: autoLog = True
10.1372 	EXP 	textwelcome: autoDraw = True
10.4440 	DATA 	Mouse: Left button down, pos=(837,631)
11.0188 	DATA 	Mouse:  Left button up, pos=(947,491)
11.3860 	DATA 	Mouse: Left button down, pos=(947,491)
11.6097 	DATA 	Mouse:  Left button up, pos=(947,491)
13.1941 	DATA 	Keypress: return
14.0343 	DATA 	Keypress: right
14.8010 	DATA 	Keypress: down
15.1172 	EXP 	textbox: autoDraw = True
15.1418 	EXP 	textwelcome: autoDraw = False
17.8339 	DATA 	Keypress: h
18.2005 	DATA 	Keypress: h
18.8635 	DATA 	Keypress: backspace
20.7338 	DATA 	Keypress: g
21.0507 	DATA 	Keypress: u
21.4087 	DATA 	Keypress: d
21.5747 	DATA 	Keypress: d
22.5749 	DATA 	Keypress: a
22.9659 	DATA 	Keypress: return
23.9076 	DATA 	Keypress: return
24.1575 	DATA 	Keypress: return
24.4338 	DATA 	Keypress: return
24.6823 	DATA 	Keypress: return
24.9178 	DATA 	Keypress: return
25.1315 	DATA 	Keypress: return
25.3408 	DATA 	Keypress: return
26.0647 	DATA 	Keypress: escape
27.5827 	EXP 	window1: mouseVisible = True
