5.1992 	WARNING 	We strongly recommend you activate the PTB sound engine in PsychoPy prefs as the preferred audio engine. Its timing is vastly superior. Your prefs are currently set to use ['sounddevice', 'PTB', 'pyo', 'pygame'] (in that order).
13.3789 	WARNING 	User requested fullscreen with size [1024  768], but screen is actually [1920, 1080]. Using actual size
16.2666 	EXP 	Created window1 = Window(allowGUI=True, allowStencil=False, autoLog=True, backendConf=UNKNOWN, bitsMode=UNKNOWN, blendMode='avg', bpc=(8, 8, 8), color=array([0, 0, 0]), colorSpace='rgb', depthBits=8, fullscr=<method-wrapper '__getattribute__' of attributeSetter object at 0x00000120AA967550>, gamma=None, gammaErrorPolicy='raise', lms=UNKNOWN, monitor=<psychopy.monitors.calibTools.Monitor object at 0x00000120AC8B5730>, multiSample=False, name='window1', numSamples=2, pos=(0, 0), screen=0, size=array([1920, 1080]), stencilBits=0, stereo=False, units='height', useFBO=True, useRetina=False, viewOri=0.0, viewPos=None, viewScale=None, waitBlanking=True, winType='pyglet')
16.2667 	EXP 	window1: mouseVisible = True
16.2667 	EXP 	window1: mouseVisible = False
16.2668 	EXP 	window1: Attempting to measure frame rate of screen (0) ...
16.2668 	EXP 	window1: recordFrameIntervals = False
16.3500 	EXP 	window1: recordFrameIntervals = True
16.4425 	EXP 	Screen (0) actual frame rate measured at 119.44Hz
16.4426 	EXP 	window1: recordFrameIntervals = False
17.8248 	EXP 	Created textwelcome = TextStim(__class__=<class 'psychopy.visual.text.TextStim'>, alignHoriz=method-wrapper(...), alignText='center', alignVert=method-wrapper(...), anchorHoriz='center', anchorVert='center', antialias=True, autoDraw=False, autoLog=True, bold=False, color=array([1, 1, 1]), colorSpace='rgb', contrast=1.0, depth=0.0, flipHoriz=False, flipVert=False, font='Open Sans', fontFiles=[], height=0.05, italic=False, languageStyle='LTR', name='textwelcome', opacity=1.0, ori=0.0, pos=array([0., 0.]), rgb=UNKNOWN, text='Moddagudu\n\n\n', units='height', win=Window(...), wrapWidth=1)
17.8894 	EXP 	textbox: autoLog = True
17.8894 	EXP 	textwelcome: autoDraw = True
22.8832 	EXP 	textbox: autoDraw = True
22.8900 	EXP 	textwelcome: autoDraw = False
26.3134 	DATA 	Mouse: Left button down, pos=(346,134)
26.4406 	DATA 	Mouse:  Left button up, pos=(297,118)
27.3664 	DATA 	Keypress: j
28.2979 	DATA 	Keypress: h
28.7738 	DATA 	Keypress: i
29.1818 	DATA 	Keypress: l
29.4918 	DATA 	Keypress: f
29.6738 	DATA 	Keypress: k
29.8397 	DATA 	Keypress: n
29.9394 	DATA 	Keypress: f
30.0162 	DATA 	Keypress: k
30.0163 	DATA 	Keypress: d
30.1485 	DATA 	Keypress: h
30.1487 	DATA 	Keypress: f
30.3483 	DATA 	Keypress: h
30.3826 	DATA 	Keypress: f
30.4398 	DATA 	Keypress: u
30.4902 	DATA 	Keypress: e
30.6488 	DATA 	Keypress: h
32.8875 	EXP 	textbox: autoDraw = False
32.8875 	EXP 	textwelcome: autoDraw = False
32.8875 	EXP 	textbox: autoDraw = False
33.9700 	EXP 	window1: mouseVisible = True
